2024-02-14 11:22:44.379 [main] INFO  com.test.task.TestTaskApplication - Starting TestTaskApplication using Java 11.0.20.1 on MIXER with PID 24592 (C:\Users\svetl\Documents\test-tasks\test-task\target\classes started by svetl in C:\Users\svetl\Documents\test-tasks\test-task)
2024-02-14 11:22:44.379 [background-preinit] INFO  o.h.validator.internal.util.Version - HV000001: Hibernate Validator 6.2.3.Final
2024-02-14 11:22:44.383 [main] INFO  com.test.task.TestTaskApplication - No active profile set, falling back to 1 default profile: "default"
2024-02-14 11:22:45.242 [main] INFO  o.s.d.r.c.RepositoryConfigurationDelegate - Bootstrapping Spring Data JPA repositories in DEFAULT mode.
2024-02-14 11:22:45.309 [main] INFO  o.s.d.r.c.RepositoryConfigurationDelegate - Finished Spring Data repository scanning in 56 ms. Found 2 JPA repository interfaces.
2024-02-14 11:22:46.242 [main] INFO  o.s.b.w.e.tomcat.TomcatWebServer - Tomcat initialized with port(s): 7667 (http)
2024-02-14 11:22:46.259 [main] INFO  o.a.coyote.http11.Http11NioProtocol - Initializing ProtocolHandler ["http-nio-127.0.0.1-7667"]
2024-02-14 11:22:46.259 [main] INFO  o.a.catalina.core.StandardService - Starting service [Tomcat]
2024-02-14 11:22:46.259 [main] INFO  o.a.catalina.core.StandardEngine - Starting Servlet engine: [Apache Tomcat/9.0.64]
2024-02-14 11:22:46.393 [main] INFO  o.a.c.c.C.[Tomcat].[localhost].[/] - Initializing Spring embedded WebApplicationContext
2024-02-14 11:22:46.393 [main] INFO  o.s.b.w.s.c.ServletWebServerApplicationContext - Root WebApplicationContext: initialization completed in 1968 ms
2024-02-14 11:22:46.542 [main] INFO  com.zaxxer.hikari.HikariDataSource - HikariPool-1 - Starting...
2024-02-14 11:22:46.779 [main] INFO  com.zaxxer.hikari.HikariDataSource - HikariPool-1 - Start completed.
2024-02-14 11:22:46.981 [main] INFO  liquibase.database - Set default schema name to public
2024-02-14 11:22:47.086 [main] WARN  liquibase.util - Failed to perform a method call for SnakeYaml because the version of SnakeYaml being used is too old. Consider upgrading to a SnakeYaml version equal to or newer than 1.32, by downloading and installing a newer version of Liquibase (which includes a newer version of SnakeYaml). Loading particularly large JSON and YAML documents (like snapshots) in Liquibase may fail if SnakeYaml is not upgraded.
2024-02-14 11:22:47.378 [main] INFO  liquibase.changelog - Reading from public.databasechangelog
2024-02-14 11:22:47.423 [main] INFO  liquibase.changelog - Reading from public.databasechangelog
2024-02-14 11:22:47.434 [main] INFO  liquibase.util - UPDATE SUMMARY
2024-02-14 11:22:47.434 [main] INFO  liquibase.util - Run:                          0
2024-02-14 11:22:47.434 [main] INFO  liquibase.util - Previously run:               1
2024-02-14 11:22:47.435 [main] INFO  liquibase.util - Filtered out:                 0
2024-02-14 11:22:47.435 [main] INFO  liquibase.util - -------------------------------
2024-02-14 11:22:47.435 [main] INFO  liquibase.util - Total change sets:            1

2024-02-14 11:22:47.437 [main] INFO  liquibase.util - Update summary generated
2024-02-14 11:22:47.461 [main] INFO  liquibase.lockservice - Successfully released change log lock
2024-02-14 11:22:47.462 [main] INFO  liquibase.command - Command execution complete
2024-02-14 11:22:47.549 [main] INFO  o.h.jpa.internal.util.LogHelper - HHH000204: Processing PersistenceUnitInfo [name: default]
2024-02-14 11:22:47.618 [main] INFO  org.hibernate.Version - HHH000412: Hibernate ORM core version 5.6.9.Final
2024-02-14 11:22:47.807 [main] INFO  o.h.annotations.common.Version - HCANN000001: Hibernate Commons Annotations {5.1.2.Final}
2024-02-14 11:22:47.936 [main] INFO  org.hibernate.dialect.Dialect - HHH000400: Using dialect: org.hibernate.dialect.PostgreSQL10Dialect
2024-02-14 11:22:48.504 [main] INFO  o.h.e.t.j.p.i.JtaPlatformInitiator - HHH000490: Using JtaPlatform implementation: [org.hibernate.engine.transaction.jta.platform.internal.NoJtaPlatform]
2024-02-14 11:22:48.510 [main] INFO  o.s.o.j.LocalContainerEntityManagerFactoryBean - Initialized JPA EntityManagerFactory for persistence unit 'default'
2024-02-14 11:22:49.081 [main] WARN  o.s.b.a.o.j.JpaBaseConfiguration$JpaWebConfiguration - spring.jpa.open-in-view is enabled by default. Therefore, database queries may be performed during view rendering. Explicitly configure spring.jpa.open-in-view to disable this warning
2024-02-14 11:22:49.612 [main] INFO  o.a.coyote.http11.Http11NioProtocol - Starting ProtocolHandler ["http-nio-127.0.0.1-7667"]
2024-02-14 11:22:49.657 [main] INFO  o.s.b.w.e.tomcat.TomcatWebServer - Tomcat started on port(s): 7667 (http) with context path ''
2024-02-14 11:22:50.004 [main] INFO  com.test.task.TestTaskApplication - Started TestTaskApplication in 6.013 seconds (JVM running for 9.837)
2024-02-14 11:22:50.330 [scheduling-1] ERROR o.s.s.s.TaskUtils$LoggingErrorHandler - Unexpected error occurred in scheduled task
java.net.ConnectException: Connection refused: no further information
	at java.net.http/jdk.internal.net.http.HttpClientImpl.send(HttpClientImpl.java:561)
	at java.net.http/jdk.internal.net.http.HttpClientFacade.send(HttpClientFacade.java:119)
	at com.test.task.service.impl.MovieServiceImpl.collectMovies(MovieServiceImpl.java:70)
	at java.base/jdk.internal.reflect.NativeMethodAccessorImpl.invoke0(Native Method)
	at java.base/jdk.internal.reflect.NativeMethodAccessorImpl.invoke(NativeMethodAccessorImpl.java:62)
	at java.base/jdk.internal.reflect.DelegatingMethodAccessorImpl.invoke(DelegatingMethodAccessorImpl.java:43)
	at java.base/java.lang.reflect.Method.invoke(Method.java:566)
	at org.springframework.scheduling.support.ScheduledMethodRunnable.run(ScheduledMethodRunnable.java:84)
	at org.springframework.scheduling.support.DelegatingErrorHandlingRunnable.run(DelegatingErrorHandlingRunnable.java:54)
	at java.base/java.util.concurrent.Executors$RunnableAdapter.call(Executors.java:515)
	at java.base/java.util.concurrent.FutureTask.runAndReset(FutureTask.java:305)
	at java.base/java.util.concurrent.ScheduledThreadPoolExecutor$ScheduledFutureTask.run(ScheduledThreadPoolExecutor.java:305)
	at java.base/java.util.concurrent.ThreadPoolExecutor.runWorker(ThreadPoolExecutor.java:1128)
	at java.base/java.util.concurrent.ThreadPoolExecutor$Worker.run(ThreadPoolExecutor.java:628)
	at java.base/java.lang.Thread.run(Thread.java:829)
Caused by: java.net.ConnectException: Connection refused: no further information
	at java.base/sun.nio.ch.SocketChannelImpl.checkConnect(Native Method)
	at java.base/sun.nio.ch.SocketChannelImpl.finishConnect(SocketChannelImpl.java:777)
	at java.net.http/jdk.internal.net.http.PlainHttpConnection$ConnectEvent.handle(PlainHttpConnection.java:128)
	at java.net.http/jdk.internal.net.http.HttpClientImpl$SelectorManager.handleEvent(HttpClientImpl.java:957)
	at java.net.http/jdk.internal.net.http.HttpClientImpl$SelectorManager.lambda$run$3(HttpClientImpl.java:912)
	at java.base/java.util.ArrayList.forEach(ArrayList.java:1541)
	at java.net.http/jdk.internal.net.http.HttpClientImpl$SelectorManager.run(HttpClientImpl.java:912)
2024-02-14 11:51:55.713 [SpringApplicationShutdownHook] INFO  o.s.o.j.LocalContainerEntityManagerFactoryBean - Closing JPA EntityManagerFactory for persistence unit 'default'
2024-02-14 11:51:55.716 [SpringApplicationShutdownHook] INFO  com.zaxxer.hikari.HikariDataSource - HikariPool-1 - Shutdown initiated...
2024-02-14 11:51:55.724 [SpringApplicationShutdownHook] INFO  com.zaxxer.hikari.HikariDataSource - HikariPool-1 - Shutdown completed.
2024-02-14 11:51:58.114 [background-preinit] INFO  o.h.validator.internal.util.Version - HV000001: Hibernate Validator 6.2.3.Final
2024-02-14 11:51:58.118 [main] INFO  com.test.task.TestTaskApplication - Starting TestTaskApplication using Java 11.0.20.1 on MIXER with PID 14976 (C:\Users\svetl\Documents\test-tasks\test-task\target\classes started by svetl in C:\Users\svetl\Documents\test-tasks\test-task)
2024-02-14 11:51:58.120 [main] INFO  com.test.task.TestTaskApplication - No active profile set, falling back to 1 default profile: "default"
2024-02-14 11:51:58.884 [main] INFO  o.s.d.r.c.RepositoryConfigurationDelegate - Bootstrapping Spring Data JPA repositories in DEFAULT mode.
2024-02-14 11:51:58.934 [main] INFO  o.s.d.r.c.RepositoryConfigurationDelegate - Finished Spring Data repository scanning in 41 ms. Found 2 JPA repository interfaces.
2024-02-14 11:51:59.818 [main] INFO  o.s.b.w.e.tomcat.TomcatWebServer - Tomcat initialized with port(s): 7667 (http)
2024-02-14 11:51:59.829 [main] INFO  o.a.coyote.http11.Http11NioProtocol - Initializing ProtocolHandler ["http-nio-127.0.0.1-7667"]
2024-02-14 11:51:59.830 [main] INFO  o.a.catalina.core.StandardService - Starting service [Tomcat]
2024-02-14 11:51:59.830 [main] INFO  o.a.catalina.core.StandardEngine - Starting Servlet engine: [Apache Tomcat/9.0.64]
2024-02-14 11:51:59.937 [main] INFO  o.a.c.c.C.[Tomcat].[localhost].[/] - Initializing Spring embedded WebApplicationContext
2024-02-14 11:51:59.938 [main] INFO  o.s.b.w.s.c.ServletWebServerApplicationContext - Root WebApplicationContext: initialization completed in 1766 ms
2024-02-14 11:52:00.073 [main] INFO  com.zaxxer.hikari.HikariDataSource - HikariPool-1 - Starting...
2024-02-14 11:52:00.262 [main] INFO  com.zaxxer.hikari.HikariDataSource - HikariPool-1 - Start completed.
2024-02-14 11:52:00.400 [main] INFO  liquibase.database - Set default schema name to public
2024-02-14 11:52:00.516 [main] WARN  liquibase.util - Failed to perform a method call for SnakeYaml because the version of SnakeYaml being used is too old. Consider upgrading to a SnakeYaml version equal to or newer than 1.32, by downloading and installing a newer version of Liquibase (which includes a newer version of SnakeYaml). Loading particularly large JSON and YAML documents (like snapshots) in Liquibase may fail if SnakeYaml is not upgraded.
2024-02-14 11:52:00.770 [main] INFO  liquibase.changelog - Reading from public.databasechangelog
2024-02-14 11:52:00.812 [main] INFO  liquibase.changelog - Reading from public.databasechangelog
2024-02-14 11:52:00.820 [main] INFO  liquibase.util - UPDATE SUMMARY
2024-02-14 11:52:00.820 [main] INFO  liquibase.util - Run:                          0
2024-02-14 11:52:00.821 [main] INFO  liquibase.util - Previously run:               1
2024-02-14 11:52:00.821 [main] INFO  liquibase.util - Filtered out:                 0
2024-02-14 11:52:00.821 [main] INFO  liquibase.util - -------------------------------
2024-02-14 11:52:00.822 [main] INFO  liquibase.util - Total change sets:            1

2024-02-14 11:52:00.823 [main] INFO  liquibase.util - Update summary generated
2024-02-14 11:52:00.858 [main] INFO  liquibase.lockservice - Successfully released change log lock
2024-02-14 11:52:00.860 [main] INFO  liquibase.command - Command execution complete
2024-02-14 11:52:00.950 [main] INFO  o.h.jpa.internal.util.LogHelper - HHH000204: Processing PersistenceUnitInfo [name: default]
2024-02-14 11:52:01.009 [main] INFO  org.hibernate.Version - HHH000412: Hibernate ORM core version 5.6.9.Final
2024-02-14 11:52:01.176 [main] INFO  o.h.annotations.common.Version - HCANN000001: Hibernate Commons Annotations {5.1.2.Final}
2024-02-14 11:52:01.281 [main] INFO  org.hibernate.dialect.Dialect - HHH000400: Using dialect: org.hibernate.dialect.PostgreSQL10Dialect
2024-02-14 11:52:01.779 [main] INFO  o.h.e.t.j.p.i.JtaPlatformInitiator - HHH000490: Using JtaPlatform implementation: [org.hibernate.engine.transaction.jta.platform.internal.NoJtaPlatform]
2024-02-14 11:52:01.785 [main] INFO  o.s.o.j.LocalContainerEntityManagerFactoryBean - Initialized JPA EntityManagerFactory for persistence unit 'default'
2024-02-14 11:52:02.399 [main] WARN  o.s.b.a.o.j.JpaBaseConfiguration$JpaWebConfiguration - spring.jpa.open-in-view is enabled by default. Therefore, database queries may be performed during view rendering. Explicitly configure spring.jpa.open-in-view to disable this warning
2024-02-14 11:52:03.032 [main] INFO  o.a.coyote.http11.Http11NioProtocol - Starting ProtocolHandler ["http-nio-127.0.0.1-7667"]
2024-02-14 11:52:03.070 [main] INFO  o.s.b.w.e.tomcat.TomcatWebServer - Tomcat started on port(s): 7667 (http) with context path ''
2024-02-14 11:52:03.734 [main] INFO  com.test.task.TestTaskApplication - Started TestTaskApplication in 6.019 seconds (JVM running for 6.609)
2024-02-14 11:52:05.387 [scheduling-1] ERROR o.s.s.s.TaskUtils$LoggingErrorHandler - Unexpected error occurred in scheduled task
java.net.ConnectException: Connection refused: no further information
	at java.net.http/jdk.internal.net.http.HttpClientImpl.send(HttpClientImpl.java:561)
	at java.net.http/jdk.internal.net.http.HttpClientFacade.send(HttpClientFacade.java:119)
	at com.test.task.service.impl.MovieServiceImpl.collectMovies(MovieServiceImpl.java:70)
	at java.base/jdk.internal.reflect.NativeMethodAccessorImpl.invoke0(Native Method)
	at java.base/jdk.internal.reflect.NativeMethodAccessorImpl.invoke(NativeMethodAccessorImpl.java:62)
	at java.base/jdk.internal.reflect.DelegatingMethodAccessorImpl.invoke(DelegatingMethodAccessorImpl.java:43)
	at java.base/java.lang.reflect.Method.invoke(Method.java:566)
	at org.springframework.scheduling.support.ScheduledMethodRunnable.run(ScheduledMethodRunnable.java:84)
	at org.springframework.scheduling.support.DelegatingErrorHandlingRunnable.run(DelegatingErrorHandlingRunnable.java:54)
	at java.base/java.util.concurrent.Executors$RunnableAdapter.call(Executors.java:515)
	at java.base/java.util.concurrent.FutureTask.runAndReset(FutureTask.java:305)
	at java.base/java.util.concurrent.ScheduledThreadPoolExecutor$ScheduledFutureTask.run(ScheduledThreadPoolExecutor.java:305)
	at java.base/java.util.concurrent.ThreadPoolExecutor.runWorker(ThreadPoolExecutor.java:1128)
	at java.base/java.util.concurrent.ThreadPoolExecutor$Worker.run(ThreadPoolExecutor.java:628)
	at java.base/java.lang.Thread.run(Thread.java:829)
Caused by: java.net.ConnectException: Connection refused: no further information
	at java.base/sun.nio.ch.SocketChannelImpl.checkConnect(Native Method)
	at java.base/sun.nio.ch.SocketChannelImpl.finishConnect(SocketChannelImpl.java:777)
	at java.net.http/jdk.internal.net.http.PlainHttpConnection$ConnectEvent.handle(PlainHttpConnection.java:128)
	at java.net.http/jdk.internal.net.http.HttpClientImpl$SelectorManager.handleEvent(HttpClientImpl.java:957)
	at java.net.http/jdk.internal.net.http.HttpClientImpl$SelectorManager.lambda$run$3(HttpClientImpl.java:912)
	at java.base/java.util.ArrayList.forEach(ArrayList.java:1541)
	at java.net.http/jdk.internal.net.http.HttpClientImpl$SelectorManager.run(HttpClientImpl.java:912)
2024-02-14 11:53:29.146 [SpringApplicationShutdownHook] INFO  o.s.o.j.LocalContainerEntityManagerFactoryBean - Closing JPA EntityManagerFactory for persistence unit 'default'
2024-02-14 11:53:29.148 [SpringApplicationShutdownHook] INFO  com.zaxxer.hikari.HikariDataSource - HikariPool-1 - Shutdown initiated...
2024-02-14 11:53:29.154 [SpringApplicationShutdownHook] INFO  com.zaxxer.hikari.HikariDataSource - HikariPool-1 - Shutdown completed.
2024-02-14 11:56:10.525 [main] INFO  com.test.task.TestTaskApplication - Starting TestTaskApplication using Java 11.0.20.1 on MIXER with PID 22800 (C:\Users\svetl\Documents\test-tasks\test-task\target\classes started by svetl in C:\Users\svetl\Documents\test-tasks\test-task)
2024-02-14 11:56:10.522 [background-preinit] INFO  o.h.validator.internal.util.Version - HV000001: Hibernate Validator 6.2.3.Final
2024-02-14 11:56:10.526 [main] INFO  com.test.task.TestTaskApplication - No active profile set, falling back to 1 default profile: "default"
2024-02-14 11:56:11.302 [main] INFO  o.s.d.r.c.RepositoryConfigurationDelegate - Bootstrapping Spring Data JPA repositories in DEFAULT mode.
2024-02-14 11:56:11.358 [main] INFO  o.s.d.r.c.RepositoryConfigurationDelegate - Finished Spring Data repository scanning in 43 ms. Found 2 JPA repository interfaces.
2024-02-14 11:56:12.247 [main] INFO  o.s.b.w.e.tomcat.TomcatWebServer - Tomcat initialized with port(s): 7667 (http)
2024-02-14 11:56:12.257 [main] INFO  o.a.coyote.http11.Http11NioProtocol - Initializing ProtocolHandler ["http-nio-127.0.0.1-7667"]
2024-02-14 11:56:12.257 [main] INFO  o.a.catalina.core.StandardService - Starting service [Tomcat]
2024-02-14 11:56:12.259 [main] INFO  o.a.catalina.core.StandardEngine - Starting Servlet engine: [Apache Tomcat/9.0.64]
2024-02-14 11:56:12.362 [main] INFO  o.a.c.c.C.[Tomcat].[localhost].[/] - Initializing Spring embedded WebApplicationContext
2024-02-14 11:56:12.362 [main] INFO  o.s.b.w.s.c.ServletWebServerApplicationContext - Root WebApplicationContext: initialization completed in 1781 ms
2024-02-14 11:56:12.492 [main] INFO  com.zaxxer.hikari.HikariDataSource - HikariPool-1 - Starting...
2024-02-14 11:56:12.680 [main] INFO  com.zaxxer.hikari.HikariDataSource - HikariPool-1 - Start completed.
2024-02-14 11:56:12.820 [main] INFO  liquibase.database - Set default schema name to public
2024-02-14 11:56:12.936 [main] WARN  liquibase.util - Failed to perform a method call for SnakeYaml because the version of SnakeYaml being used is too old. Consider upgrading to a SnakeYaml version equal to or newer than 1.32, by downloading and installing a newer version of Liquibase (which includes a newer version of SnakeYaml). Loading particularly large JSON and YAML documents (like snapshots) in Liquibase may fail if SnakeYaml is not upgraded.
2024-02-14 11:56:13.212 [main] INFO  liquibase.changelog - Reading from public.databasechangelog
2024-02-14 11:56:13.259 [main] INFO  liquibase.changelog - Reading from public.databasechangelog
2024-02-14 11:56:13.268 [main] INFO  liquibase.util - UPDATE SUMMARY
2024-02-14 11:56:13.269 [main] INFO  liquibase.util - Run:                          0
2024-02-14 11:56:13.269 [main] INFO  liquibase.util - Previously run:               1
2024-02-14 11:56:13.270 [main] INFO  liquibase.util - Filtered out:                 0
2024-02-14 11:56:13.270 [main] INFO  liquibase.util - -------------------------------
2024-02-14 11:56:13.271 [main] INFO  liquibase.util - Total change sets:            1

2024-02-14 11:56:13.272 [main] INFO  liquibase.util - Update summary generated
2024-02-14 11:56:13.303 [main] INFO  liquibase.lockservice - Successfully released change log lock
2024-02-14 11:56:13.305 [main] INFO  liquibase.command - Command execution complete
2024-02-14 11:56:13.398 [main] INFO  o.h.jpa.internal.util.LogHelper - HHH000204: Processing PersistenceUnitInfo [name: default]
2024-02-14 11:56:13.460 [main] INFO  org.hibernate.Version - HHH000412: Hibernate ORM core version 5.6.9.Final
2024-02-14 11:56:13.635 [main] INFO  o.h.annotations.common.Version - HCANN000001: Hibernate Commons Annotations {5.1.2.Final}
2024-02-14 11:56:13.750 [main] INFO  org.hibernate.dialect.Dialect - HHH000400: Using dialect: org.hibernate.dialect.PostgreSQL10Dialect
2024-02-14 11:56:14.239 [main] INFO  o.h.e.t.j.p.i.JtaPlatformInitiator - HHH000490: Using JtaPlatform implementation: [org.hibernate.engine.transaction.jta.platform.internal.NoJtaPlatform]
2024-02-14 11:56:14.246 [main] INFO  o.s.o.j.LocalContainerEntityManagerFactoryBean - Initialized JPA EntityManagerFactory for persistence unit 'default'
2024-02-14 11:56:14.922 [main] WARN  o.s.b.a.o.j.JpaBaseConfiguration$JpaWebConfiguration - spring.jpa.open-in-view is enabled by default. Therefore, database queries may be performed during view rendering. Explicitly configure spring.jpa.open-in-view to disable this warning
2024-02-14 11:56:15.494 [main] INFO  o.a.coyote.http11.Http11NioProtocol - Starting ProtocolHandler ["http-nio-127.0.0.1-7667"]
2024-02-14 11:56:15.544 [main] INFO  o.s.b.w.e.tomcat.TomcatWebServer - Tomcat started on port(s): 7667 (http) with context path ''
2024-02-14 11:56:15.850 [main] INFO  com.test.task.TestTaskApplication - Started TestTaskApplication in 5.732 seconds (JVM running for 6.274)
2024-02-14 11:56:16.019 [scheduling-1] ERROR o.s.s.s.TaskUtils$LoggingErrorHandler - Unexpected error occurred in scheduled task
java.net.ConnectException: Connection refused: no further information
	at java.net.http/jdk.internal.net.http.HttpClientImpl.send(HttpClientImpl.java:561)
	at java.net.http/jdk.internal.net.http.HttpClientFacade.send(HttpClientFacade.java:119)
	at com.test.task.service.impl.MovieServiceImpl.collectMovies(MovieServiceImpl.java:70)
	at java.base/jdk.internal.reflect.NativeMethodAccessorImpl.invoke0(Native Method)
	at java.base/jdk.internal.reflect.NativeMethodAccessorImpl.invoke(NativeMethodAccessorImpl.java:62)
	at java.base/jdk.internal.reflect.DelegatingMethodAccessorImpl.invoke(DelegatingMethodAccessorImpl.java:43)
	at java.base/java.lang.reflect.Method.invoke(Method.java:566)
	at org.springframework.scheduling.support.ScheduledMethodRunnable.run(ScheduledMethodRunnable.java:84)
	at org.springframework.scheduling.support.DelegatingErrorHandlingRunnable.run(DelegatingErrorHandlingRunnable.java:54)
	at java.base/java.util.concurrent.Executors$RunnableAdapter.call(Executors.java:515)
	at java.base/java.util.concurrent.FutureTask.runAndReset(FutureTask.java:305)
	at java.base/java.util.concurrent.ScheduledThreadPoolExecutor$ScheduledFutureTask.run(ScheduledThreadPoolExecutor.java:305)
	at java.base/java.util.concurrent.ThreadPoolExecutor.runWorker(ThreadPoolExecutor.java:1128)
	at java.base/java.util.concurrent.ThreadPoolExecutor$Worker.run(ThreadPoolExecutor.java:628)
	at java.base/java.lang.Thread.run(Thread.java:829)
Caused by: java.net.ConnectException: Connection refused: no further information
	at java.base/sun.nio.ch.SocketChannelImpl.checkConnect(Native Method)
	at java.base/sun.nio.ch.SocketChannelImpl.finishConnect(SocketChannelImpl.java:777)
	at java.net.http/jdk.internal.net.http.PlainHttpConnection$ConnectEvent.handle(PlainHttpConnection.java:128)
	at java.net.http/jdk.internal.net.http.HttpClientImpl$SelectorManager.handleEvent(HttpClientImpl.java:957)
	at java.net.http/jdk.internal.net.http.HttpClientImpl$SelectorManager.lambda$run$3(HttpClientImpl.java:912)
	at java.base/java.util.ArrayList.forEach(ArrayList.java:1541)
	at java.net.http/jdk.internal.net.http.HttpClientImpl$SelectorManager.run(HttpClientImpl.java:912)
2024-02-14 11:56:44.891 [SpringApplicationShutdownHook] INFO  o.s.o.j.LocalContainerEntityManagerFactoryBean - Closing JPA EntityManagerFactory for persistence unit 'default'
2024-02-14 11:56:44.893 [SpringApplicationShutdownHook] INFO  com.zaxxer.hikari.HikariDataSource - HikariPool-1 - Shutdown initiated...
2024-02-14 11:56:44.898 [SpringApplicationShutdownHook] INFO  com.zaxxer.hikari.HikariDataSource - HikariPool-1 - Shutdown completed.
2024-02-14 11:56:46.945 [background-preinit] INFO  o.h.validator.internal.util.Version - HV000001: Hibernate Validator 6.2.3.Final
2024-02-14 11:56:46.948 [main] INFO  com.test.task.TestTaskApplication - Starting TestTaskApplication using Java 11.0.20.1 on MIXER with PID 21140 (C:\Users\svetl\Documents\test-tasks\test-task\target\classes started by svetl in C:\Users\svetl\Documents\test-tasks\test-task)
2024-02-14 11:56:46.949 [main] INFO  com.test.task.TestTaskApplication - No active profile set, falling back to 1 default profile: "default"
2024-02-14 11:56:47.741 [main] INFO  o.s.d.r.c.RepositoryConfigurationDelegate - Bootstrapping Spring Data JPA repositories in DEFAULT mode.
2024-02-14 11:56:47.794 [main] INFO  o.s.d.r.c.RepositoryConfigurationDelegate - Finished Spring Data repository scanning in 43 ms. Found 2 JPA repository interfaces.
2024-02-14 11:56:48.685 [main] INFO  o.s.b.w.e.tomcat.TomcatWebServer - Tomcat initialized with port(s): 7667 (http)
2024-02-14 11:56:48.695 [main] INFO  o.a.coyote.http11.Http11NioProtocol - Initializing ProtocolHandler ["http-nio-127.0.0.1-7667"]
2024-02-14 11:56:48.695 [main] INFO  o.a.catalina.core.StandardService - Starting service [Tomcat]
2024-02-14 11:56:48.696 [main] INFO  o.a.catalina.core.StandardEngine - Starting Servlet engine: [Apache Tomcat/9.0.64]
2024-02-14 11:56:48.805 [main] INFO  o.a.c.c.C.[Tomcat].[localhost].[/] - Initializing Spring embedded WebApplicationContext
2024-02-14 11:56:48.805 [main] INFO  o.s.b.w.s.c.ServletWebServerApplicationContext - Root WebApplicationContext: initialization completed in 1809 ms
2024-02-14 11:56:48.937 [main] INFO  com.zaxxer.hikari.HikariDataSource - HikariPool-1 - Starting...
2024-02-14 11:56:49.223 [main] INFO  com.zaxxer.hikari.HikariDataSource - HikariPool-1 - Start completed.
2024-02-14 11:56:49.365 [main] INFO  liquibase.database - Set default schema name to public
2024-02-14 11:56:49.473 [main] WARN  liquibase.util - Failed to perform a method call for SnakeYaml because the version of SnakeYaml being used is too old. Consider upgrading to a SnakeYaml version equal to or newer than 1.32, by downloading and installing a newer version of Liquibase (which includes a newer version of SnakeYaml). Loading particularly large JSON and YAML documents (like snapshots) in Liquibase may fail if SnakeYaml is not upgraded.
2024-02-14 11:56:49.713 [main] INFO  liquibase.changelog - Reading from public.databasechangelog
2024-02-14 11:56:49.756 [main] INFO  liquibase.changelog - Reading from public.databasechangelog
2024-02-14 11:56:49.764 [main] INFO  liquibase.util - UPDATE SUMMARY
2024-02-14 11:56:49.764 [main] INFO  liquibase.util - Run:                          0
2024-02-14 11:56:49.764 [main] INFO  liquibase.util - Previously run:               1
2024-02-14 11:56:49.764 [main] INFO  liquibase.util - Filtered out:                 0
2024-02-14 11:56:49.765 [main] INFO  liquibase.util - -------------------------------
2024-02-14 11:56:49.765 [main] INFO  liquibase.util - Total change sets:            1

2024-02-14 11:56:49.766 [main] INFO  liquibase.util - Update summary generated
2024-02-14 11:56:49.788 [main] INFO  liquibase.lockservice - Successfully released change log lock
2024-02-14 11:56:49.790 [main] INFO  liquibase.command - Command execution complete
2024-02-14 11:56:49.871 [main] INFO  o.h.jpa.internal.util.LogHelper - HHH000204: Processing PersistenceUnitInfo [name: default]
2024-02-14 11:56:49.930 [main] INFO  org.hibernate.Version - HHH000412: Hibernate ORM core version 5.6.9.Final
2024-02-14 11:56:50.089 [main] INFO  o.h.annotations.common.Version - HCANN000001: Hibernate Commons Annotations {5.1.2.Final}
2024-02-14 11:56:50.196 [main] INFO  org.hibernate.dialect.Dialect - HHH000400: Using dialect: org.hibernate.dialect.PostgreSQL10Dialect
2024-02-14 11:56:50.707 [main] INFO  o.h.e.t.j.p.i.JtaPlatformInitiator - HHH000490: Using JtaPlatform implementation: [org.hibernate.engine.transaction.jta.platform.internal.NoJtaPlatform]
2024-02-14 11:56:50.715 [main] INFO  o.s.o.j.LocalContainerEntityManagerFactoryBean - Initialized JPA EntityManagerFactory for persistence unit 'default'
2024-02-14 11:56:51.291 [main] WARN  o.s.b.a.o.j.JpaBaseConfiguration$JpaWebConfiguration - spring.jpa.open-in-view is enabled by default. Therefore, database queries may be performed during view rendering. Explicitly configure spring.jpa.open-in-view to disable this warning
2024-02-14 11:56:51.882 [main] INFO  o.a.coyote.http11.Http11NioProtocol - Starting ProtocolHandler ["http-nio-127.0.0.1-7667"]
2024-02-14 11:56:51.916 [main] INFO  o.s.b.w.e.tomcat.TomcatWebServer - Tomcat started on port(s): 7667 (http) with context path ''
2024-02-14 11:56:52.319 [main] INFO  com.test.task.TestTaskApplication - Started TestTaskApplication in 5.777 seconds (JVM running for 6.316)
2024-02-14 11:56:52.481 [scheduling-1] ERROR o.s.s.s.TaskUtils$LoggingErrorHandler - Unexpected error occurred in scheduled task
java.net.ConnectException: Connection refused: no further information
	at java.net.http/jdk.internal.net.http.HttpClientImpl.send(HttpClientImpl.java:561)
	at java.net.http/jdk.internal.net.http.HttpClientFacade.send(HttpClientFacade.java:119)
	at com.test.task.service.impl.MovieServiceImpl.collectMovies(MovieServiceImpl.java:70)
	at java.base/jdk.internal.reflect.NativeMethodAccessorImpl.invoke0(Native Method)
	at java.base/jdk.internal.reflect.NativeMethodAccessorImpl.invoke(NativeMethodAccessorImpl.java:62)
	at java.base/jdk.internal.reflect.DelegatingMethodAccessorImpl.invoke(DelegatingMethodAccessorImpl.java:43)
	at java.base/java.lang.reflect.Method.invoke(Method.java:566)
	at org.springframework.scheduling.support.ScheduledMethodRunnable.run(ScheduledMethodRunnable.java:84)
	at org.springframework.scheduling.support.DelegatingErrorHandlingRunnable.run(DelegatingErrorHandlingRunnable.java:54)
	at java.base/java.util.concurrent.Executors$RunnableAdapter.call(Executors.java:515)
	at java.base/java.util.concurrent.FutureTask.runAndReset(FutureTask.java:305)
	at java.base/java.util.concurrent.ScheduledThreadPoolExecutor$ScheduledFutureTask.run(ScheduledThreadPoolExecutor.java:305)
	at java.base/java.util.concurrent.ThreadPoolExecutor.runWorker(ThreadPoolExecutor.java:1128)
	at java.base/java.util.concurrent.ThreadPoolExecutor$Worker.run(ThreadPoolExecutor.java:628)
	at java.base/java.lang.Thread.run(Thread.java:829)
Caused by: java.net.ConnectException: Connection refused: no further information
	at java.base/sun.nio.ch.SocketChannelImpl.checkConnect(Native Method)
	at java.base/sun.nio.ch.SocketChannelImpl.finishConnect(SocketChannelImpl.java:777)
	at java.net.http/jdk.internal.net.http.PlainHttpConnection$ConnectEvent.handle(PlainHttpConnection.java:128)
	at java.net.http/jdk.internal.net.http.HttpClientImpl$SelectorManager.handleEvent(HttpClientImpl.java:957)
	at java.net.http/jdk.internal.net.http.HttpClientImpl$SelectorManager.lambda$run$3(HttpClientImpl.java:912)
	at java.base/java.util.ArrayList.forEach(ArrayList.java:1541)
	at java.net.http/jdk.internal.net.http.HttpClientImpl$SelectorManager.run(HttpClientImpl.java:912)
2024-02-14 11:57:08.528 [SpringApplicationShutdownHook] INFO  o.s.o.j.LocalContainerEntityManagerFactoryBean - Closing JPA EntityManagerFactory for persistence unit 'default'
2024-02-14 11:57:08.531 [SpringApplicationShutdownHook] INFO  com.zaxxer.hikari.HikariDataSource - HikariPool-1 - Shutdown initiated...
2024-02-14 11:57:08.536 [SpringApplicationShutdownHook] INFO  com.zaxxer.hikari.HikariDataSource - HikariPool-1 - Shutdown completed.
2024-02-14 11:58:09.960 [main] INFO  com.test.task.TestTaskApplication - Starting TestTaskApplication using Java 11.0.20.1 on MIXER with PID 16908 (C:\Users\svetl\Documents\test-tasks\test-task\target\classes started by svetl in C:\Users\svetl\Documents\test-tasks\test-task)
2024-02-14 11:58:09.959 [background-preinit] INFO  o.h.validator.internal.util.Version - HV000001: Hibernate Validator 6.2.3.Final
2024-02-14 11:58:09.963 [main] INFO  com.test.task.TestTaskApplication - No active profile set, falling back to 1 default profile: "default"
2024-02-14 11:58:10.813 [main] INFO  o.s.d.r.c.RepositoryConfigurationDelegate - Bootstrapping Spring Data JPA repositories in DEFAULT mode.
2024-02-14 11:58:10.862 [main] INFO  o.s.d.r.c.RepositoryConfigurationDelegate - Finished Spring Data repository scanning in 42 ms. Found 2 JPA repository interfaces.
2024-02-14 11:58:11.760 [main] INFO  o.s.b.w.e.tomcat.TomcatWebServer - Tomcat initialized with port(s): 7667 (http)
2024-02-14 11:58:11.770 [main] INFO  o.a.coyote.http11.Http11NioProtocol - Initializing ProtocolHandler ["http-nio-127.0.0.1-7667"]
2024-02-14 11:58:11.771 [main] INFO  o.a.catalina.core.StandardService - Starting service [Tomcat]
2024-02-14 11:58:11.771 [main] INFO  o.a.catalina.core.StandardEngine - Starting Servlet engine: [Apache Tomcat/9.0.64]
2024-02-14 11:58:11.870 [main] INFO  o.a.c.c.C.[Tomcat].[localhost].[/] - Initializing Spring embedded WebApplicationContext
2024-02-14 11:58:11.870 [main] INFO  o.s.b.w.s.c.ServletWebServerApplicationContext - Root WebApplicationContext: initialization completed in 1851 ms
2024-02-14 11:58:11.999 [main] INFO  com.zaxxer.hikari.HikariDataSource - HikariPool-1 - Starting...
2024-02-14 11:58:12.189 [main] INFO  com.zaxxer.hikari.HikariDataSource - HikariPool-1 - Start completed.
2024-02-14 11:58:12.344 [main] INFO  liquibase.database - Set default schema name to public
2024-02-14 11:58:12.453 [main] WARN  liquibase.util - Failed to perform a method call for SnakeYaml because the version of SnakeYaml being used is too old. Consider upgrading to a SnakeYaml version equal to or newer than 1.32, by downloading and installing a newer version of Liquibase (which includes a newer version of SnakeYaml). Loading particularly large JSON and YAML documents (like snapshots) in Liquibase may fail if SnakeYaml is not upgraded.
2024-02-14 11:58:12.700 [main] INFO  liquibase.changelog - Reading from public.databasechangelog
2024-02-14 11:58:12.746 [main] INFO  liquibase.changelog - Reading from public.databasechangelog
2024-02-14 11:58:12.753 [main] INFO  liquibase.util - UPDATE SUMMARY
2024-02-14 11:58:12.754 [main] INFO  liquibase.util - Run:                          0
2024-02-14 11:58:12.754 [main] INFO  liquibase.util - Previously run:               1
2024-02-14 11:58:12.754 [main] INFO  liquibase.util - Filtered out:                 0
2024-02-14 11:58:12.755 [main] INFO  liquibase.util - -------------------------------
2024-02-14 11:58:12.755 [main] INFO  liquibase.util - Total change sets:            1

2024-02-14 11:58:12.756 [main] INFO  liquibase.util - Update summary generated
2024-02-14 11:58:12.788 [main] INFO  liquibase.lockservice - Successfully released change log lock
2024-02-14 11:58:12.789 [main] INFO  liquibase.command - Command execution complete
2024-02-14 11:58:12.870 [main] INFO  o.h.jpa.internal.util.LogHelper - HHH000204: Processing PersistenceUnitInfo [name: default]
2024-02-14 11:58:12.933 [main] INFO  org.hibernate.Version - HHH000412: Hibernate ORM core version 5.6.9.Final
2024-02-14 11:58:13.105 [main] INFO  o.h.annotations.common.Version - HCANN000001: Hibernate Commons Annotations {5.1.2.Final}
2024-02-14 11:58:13.235 [main] INFO  org.hibernate.dialect.Dialect - HHH000400: Using dialect: org.hibernate.dialect.PostgreSQL10Dialect
2024-02-14 11:58:13.738 [main] INFO  o.h.e.t.j.p.i.JtaPlatformInitiator - HHH000490: Using JtaPlatform implementation: [org.hibernate.engine.transaction.jta.platform.internal.NoJtaPlatform]
2024-02-14 11:58:13.745 [main] INFO  o.s.o.j.LocalContainerEntityManagerFactoryBean - Initialized JPA EntityManagerFactory for persistence unit 'default'
2024-02-14 11:58:14.380 [main] WARN  o.s.b.a.o.j.JpaBaseConfiguration$JpaWebConfiguration - spring.jpa.open-in-view is enabled by default. Therefore, database queries may be performed during view rendering. Explicitly configure spring.jpa.open-in-view to disable this warning
2024-02-14 11:58:14.967 [main] INFO  o.a.coyote.http11.Http11NioProtocol - Starting ProtocolHandler ["http-nio-127.0.0.1-7667"]
2024-02-14 11:58:15.001 [main] INFO  o.s.b.w.e.tomcat.TomcatWebServer - Tomcat started on port(s): 7667 (http) with context path ''
2024-02-14 11:58:15.339 [main] INFO  com.test.task.TestTaskApplication - Started TestTaskApplication in 5.817 seconds (JVM running for 6.341)
2024-02-14 11:58:15.508 [scheduling-1] ERROR o.s.s.s.TaskUtils$LoggingErrorHandler - Unexpected error occurred in scheduled task
java.net.ConnectException: Connection refused: no further information
	at java.net.http/jdk.internal.net.http.HttpClientImpl.send(HttpClientImpl.java:561)
	at java.net.http/jdk.internal.net.http.HttpClientFacade.send(HttpClientFacade.java:119)
	at com.test.task.service.impl.MovieServiceImpl.collectMovies(MovieServiceImpl.java:70)
	at java.base/jdk.internal.reflect.NativeMethodAccessorImpl.invoke0(Native Method)
	at java.base/jdk.internal.reflect.NativeMethodAccessorImpl.invoke(NativeMethodAccessorImpl.java:62)
	at java.base/jdk.internal.reflect.DelegatingMethodAccessorImpl.invoke(DelegatingMethodAccessorImpl.java:43)
	at java.base/java.lang.reflect.Method.invoke(Method.java:566)
	at org.springframework.scheduling.support.ScheduledMethodRunnable.run(ScheduledMethodRunnable.java:84)
	at org.springframework.scheduling.support.DelegatingErrorHandlingRunnable.run(DelegatingErrorHandlingRunnable.java:54)
	at java.base/java.util.concurrent.Executors$RunnableAdapter.call(Executors.java:515)
	at java.base/java.util.concurrent.FutureTask.runAndReset(FutureTask.java:305)
	at java.base/java.util.concurrent.ScheduledThreadPoolExecutor$ScheduledFutureTask.run(ScheduledThreadPoolExecutor.java:305)
	at java.base/java.util.concurrent.ThreadPoolExecutor.runWorker(ThreadPoolExecutor.java:1128)
	at java.base/java.util.concurrent.ThreadPoolExecutor$Worker.run(ThreadPoolExecutor.java:628)
	at java.base/java.lang.Thread.run(Thread.java:829)
Caused by: java.net.ConnectException: Connection refused: no further information
	at java.base/sun.nio.ch.SocketChannelImpl.checkConnect(Native Method)
	at java.base/sun.nio.ch.SocketChannelImpl.finishConnect(SocketChannelImpl.java:777)
	at java.net.http/jdk.internal.net.http.PlainHttpConnection$ConnectEvent.handle(PlainHttpConnection.java:128)
	at java.net.http/jdk.internal.net.http.HttpClientImpl$SelectorManager.handleEvent(HttpClientImpl.java:957)
	at java.net.http/jdk.internal.net.http.HttpClientImpl$SelectorManager.lambda$run$3(HttpClientImpl.java:912)
	at java.base/java.util.ArrayList.forEach(ArrayList.java:1541)
	at java.net.http/jdk.internal.net.http.HttpClientImpl$SelectorManager.run(HttpClientImpl.java:912)
2024-02-14 11:58:41.068 [SpringApplicationShutdownHook] INFO  o.s.o.j.LocalContainerEntityManagerFactoryBean - Closing JPA EntityManagerFactory for persistence unit 'default'
2024-02-14 11:58:41.071 [SpringApplicationShutdownHook] INFO  com.zaxxer.hikari.HikariDataSource - HikariPool-1 - Shutdown initiated...
2024-02-14 11:58:41.076 [SpringApplicationShutdownHook] INFO  com.zaxxer.hikari.HikariDataSource - HikariPool-1 - Shutdown completed.
